# JRE version: OpenJDK Runtime Environment GraalVM CE 22.3.0 (17.0.5+8) (build 17.0.5+8-jvmci-22.3-b08)
# Java VM: OpenJDK 64-Bit Server VM GraalVM CE 22.3.0 (17.0.5+8-jvmci-22.3-b08, mixed mode, sharing, tiered, jvmci, jvmci compiler, compressed oops, compressed class ptrs, parallel gc, linux-amd64)
GC Precious Log:
 CPUs: 8 total, 1 available
 Memory: 1024M
 Large Page Support: Disabled
 NUMA Support: Disabled
 Compressed Oops: Enabled (32-bit)
 Alignments: Space 512K, Generation 512K, Heap 2M
 Heap Min Capacity: 100M
 Heap Initial Capacity: 100M
 Heap Max Capacity: 512M
 Pre-touch: Disabled
 Parallel Workers: 1
Heap:
 PSYoungGen      total 53760K, used 35839K [0x00000000f5580000, 0x00000000fa100000, 0x0000000100000000)
  eden space 35840K, 99% used [0x00000000f5580000,0x00000000f787fff0,0x00000000f7880000)
  from space 17920K, 0% used [0x00000000f8f80000,0x00000000f8f80000,0x00000000fa100000)
  to   space 12800K, 0% used [0x00000000f7880000,0x00000000f7880000,0x00000000f8500000)
 ParOldGen       total 349696K, used 349695K [0x00000000e0000000, 0x00000000f5580000, 0x00000000f5580000)
  object space 349696K, 99% used [0x00000000e0000000,0x00000000f557fff8,0x00000000f5580000)
 Metaspace       used 62077K, committed 62976K, reserved 1105920K
  class space    used 6114K, committed 6528K, reserved 1048576K
GC Heap History (20 events):
Event: 1102.179 GC heap before
{Heap before GC invocations=908 (full 788):
 PSYoungGen      total 53760K, used 35837K [0x00000000f5580000, 0x00000000fa100000, 0x0000000100000000)
  eden space 35840K, 99% used [0x00000000f5580000,0x00000000f787f7b0,0x00000000f7880000)
  from space 17920K, 0% used [0x00000000f8f80000,0x00000000f8f80000,0x00000000fa100000)
  to   space 12800K, 0% used [0x00000000f7880000,0x00000000f7880000,0x00000000f8500000)
 ParOldGen       total 349696K, used 349693K [0x00000000e0000000, 0x00000000f5580000, 0x00000000f5580000)
  object space 349696K, 99% used [0x00000000e0000000,0x00000000f557f4d8,0x00000000f5580000)
 Metaspace       used 62077K, committed 62976K, reserved 1105920K
  class space    used 6114K, committed 6528K, reserved 1048576K
}
Event: 1103.564 GC heap after
{Heap after GC invocations=908 (full 788):
 PSYoungGen      total 48640K, used 35837K [0x00000000f5580000, 0x00000000fa100000, 0x0000000100000000)
  eden space 35840K, 99% used [0x00000000f5580000,0x00000000f787f7b0,0x00000000f7880000)
  from space 12800K, 0% used [0x00000000f7880000,0x00000000f7880000,0x00000000f8500000)
  to   space 17920K, 0% used [0x00000000f8f80000,0x00000000f8f80000,0x00000000fa100000)
 ParOldGen       total 349696K, used 349693K [0x00000000e0000000, 0x00000000f5580000, 0x00000000f5580000)
  object space 349696K, 99% used [0x00000000e0000000,0x00000000f557f4d8,0x00000000f5580000)
 Metaspace       used 62077K, committed 62976K, reserved 1105920K
  class space    used 6114K, committed 6528K, reserved 1048576K
}
Event: 1103.575 GC heap before
{Heap before GC invocations=909 (full 789):
 PSYoungGen      total 48640K, used 35840K [0x00000000f5580000, 0x00000000fa100000, 0x0000000100000000)
  eden space 35840K, 100% used [0x00000000f5580000,0x00000000f7880000,0x00000000f7880000)
  from space 12800K, 0% used [0x00000000f7880000,0x00000000f7880000,0x00000000f8500000)
  to   space 17920K, 0% used [0x00000000f8f80000,0x00000000f8f80000,0x00000000fa100000)
 ParOldGen       total 349696K, used 349694K [0x00000000e0000000, 0x00000000f5580000, 0x00000000f5580000)
  object space 349696K, 99% used [0x00000000e0000000,0x00000000f557f8f8,0x00000000f5580000)
 Metaspace       used 62077K, committed 62976K, reserved 1105920K
  class space    used 6114K, committed 6528K, reserved 1048576K
}
Event: 1104.992 GC heap after
{Heap after GC invocations=909 (full 789):
 PSYoungGen      total 53760K, used 35837K [0x00000000f5580000, 0x00000000fa100000, 0x0000000100000000)
  eden space 35840K, 99% used [0x00000000f5580000,0x00000000f787f7f8,0x00000000f7880000)
  from space 17920K, 0% used [0x00000000f8f80000,0x00000000f8f80000,0x00000000fa100000)
  to   space 12800K, 0% used [0x00000000f7880000,0x00000000f7880000,0x00000000f8500000)
 ParOldGen       total 349696K, used 349694K [0x00000000e0000000, 0x00000000f5580000, 0x00000000f5580000)
  object space 349696K, 99% used [0x00000000e0000000,0x00000000f557f8f8,0x00000000f5580000)
 Metaspace       used 62077K, committed 62976K, reserved 1105920K
  class space    used 6114K, committed 6528K, reserved 1048576K
}
Event: 1105.043 GC heap before
{Heap before GC invocations=910 (full 790):
 PSYoungGen      total 53760K, used 35840K [0x00000000f5580000, 0x00000000fa100000, 0x0000000100000000)
  eden space 35840K, 100% used [0x00000000f5580000,0x00000000f7880000,0x00000000f7880000)
  from space 17920K, 0% used [0x00000000f8f80000,0x00000000f8f80000,0x00000000fa100000)
  to   space 12800K, 0% used [0x00000000f7880000,0x00000000f7880000,0x00000000f8500000)
 ParOldGen       total 349696K, used 349694K [0x00000000e0000000, 0x00000000f5580000, 0x00000000f5580000)
  object space 349696K, 99% used [0x00000000e0000000,0x00000000f557f8f8,0x00000000f5580000)
 Metaspace       used 62077K, committed 62976K, reserved 1105920K
  class space    used 6114K, committed 6528K, reserved 1048576K
}
Event: 1106.394 GC heap after
{Heap after GC invocations=910 (full 790):
 PSYoungGen      total 48640K, used 35839K [0x00000000f5580000, 0x00000000fa100000, 0x0000000100000000)
  eden space 35840K, 99% used [0x00000000f5580000,0x00000000f787fd50,0x00000000f7880000)
  from space 12800K, 0% used [0x00000000f7880000,0x00000000f7880000,0x00000000f8500000)
  to   space 17920K, 0% used [0x00000000f8f80000,0x00000000f8f80000,0x00000000fa100000)
 ParOldGen       total 349696K, used 349694K [0x00000000e0000000, 0x00000000f5580000, 0x00000000f5580000)
  object space 349696K, 99% used [0x00000000e0000000,0x00000000f557f8f8,0x00000000f5580000)
 Metaspace       used 62077K, committed 62976K, reserved 1105920K
  class space    used 6114K, committed 6528K, reserved 1048576K
}
Event: 1106.394 GC heap before
{Heap before GC invocations=911 (full 791):
 PSYoungGen      total 48640K, used 35839K [0x00000000f5580000, 0x00000000fa100000, 0x0000000100000000)
  eden space 35840K, 99% used [0x00000000f5580000,0x00000000f787fff0,0x00000000f7880000)
  from space 12800K, 0% used [0x00000000f7880000,0x00000000f7880000,0x00000000f8500000)
  to   space 17920K, 0% used [0x00000000f8f80000,0x00000000f8f80000,0x00000000fa100000)
 ParOldGen       total 349696K, used 349694K [0x00000000e0000000, 0x00000000f5580000, 0x00000000f5580000)
  object space 349696K, 99% used [0x00000000e0000000,0x00000000f557f8f8,0x00000000f5580000)
 Metaspace       used 62077K, committed 62976K, reserved 1105920K
  class space    used 6114K, committed 6528K, reserved 1048576K
}
Event: 1108.045 GC heap after
{Heap after GC invocations=911 (full 791):
 PSYoungGen      total 53760K, used 35839K [0x00000000f5580000, 0x00000000fa100000, 0x0000000100000000)
  eden space 35840K, 99% used [0x00000000f5580000,0x00000000f787fff0,0x00000000f7880000)
  from space 17920K, 0% used [0x00000000f8f80000,0x00000000f8f80000,0x00000000fa100000)
  to   space 12800K, 0% used [0x00000000f7880000,0x00000000f7880000,0x00000000f8500000)
 ParOldGen       total 349696K, used 349694K [0x00000000e0000000, 0x00000000f5580000, 0x00000000f5580000)
  object space 349696K, 99% used [0x00000000e0000000,0x00000000f557f8f8,0x00000000f5580000)
 Metaspace       used 62077K, committed 62976K, reserved 1105920K
  class space    used 6114K, committed 6528K, reserved 1048576K
}
Event: 1108.045 GC heap before
{Heap before GC invocations=912 (full 792):
 PSYoungGen      total 53760K, used 35839K [0x00000000f5580000, 0x00000000fa100000, 0x0000000100000000)
  eden space 35840K, 99% used [0x00000000f5580000,0x00000000f787fff0,0x00000000f7880000)
  from space 17920K, 0% used [0x00000000f8f80000,0x00000000f8f80000,0x00000000fa100000)
  to   space 12800K, 0% used [0x00000000f7880000,0x00000000f7880000,0x00000000f8500000)
 ParOldGen       total 349696K, used 349695K [0x00000000e0000000, 0x00000000f5580000, 0x00000000f5580000)
  object space 349696K, 99% used [0x00000000e0000000,0x00000000f557fff8,0x00000000f5580000)
 Metaspace       used 62077K, committed 62976K, reserved 1105920K
  class space    used 6114K, committed 6528K, reserved 1048576K
}
Event: 1109.376 GC heap after
{Heap after GC invocations=912 (full 792):
 PSYoungGen      total 48640K, used 35839K [0x00000000f5580000, 0x00000000fa100000, 0x0000000100000000)
  eden space 35840K, 99% used [0x00000000f5580000,0x00000000f787fff0,0x00000000f7880000)
  from space 12800K, 0% used [0x00000000f7880000,0x00000000f7880000,0x00000000f8500000)
  to   space 17920K, 0% used [0x00000000f8f80000,0x00000000f8f80000,0x00000000fa100000)
 ParOldGen       total 349696K, used 349695K [0x00000000e0000000, 0x00000000f5580000, 0x00000000f5580000)
  object space 349696K, 99% used [0x00000000e0000000,0x00000000f557fff8,0x00000000f5580000)
 Metaspace       used 62077K, committed 62976K, reserved 1105920K
  class space    used 6114K, committed 6528K, reserved 1048576K
}
Event: 1109.376 GC heap before
{Heap before GC invocations=913 (full 793):
 PSYoungGen      total 48640K, used 35839K [0x00000000f5580000, 0x00000000fa100000, 0x0000000100000000)
  eden space 35840K, 99% used [0x00000000f5580000,0x00000000f787fff0,0x00000000f7880000)
  from space 12800K, 0% used [0x00000000f7880000,0x00000000f7880000,0x00000000f8500000)
  to   space 17920K, 0% used [0x00000000f8f80000,0x00000000f8f80000,0x00000000fa100000)
 ParOldGen       total 349696K, used 349695K [0x00000000e0000000, 0x00000000f5580000, 0x00000000f5580000)
  object space 349696K, 99% used [0x00000000e0000000,0x00000000f557fff8,0x00000000f5580000)
 Metaspace       used 62077K, committed 62976K, reserved 1105920K
  class space    used 6114K, committed 6528K, reserved 1048576K
}
Event: 1110.750 GC heap after
{Heap after GC invocations=913 (full 793):
 PSYoungGen      total 53760K, used 35839K [0x00000000f5580000, 0x00000000fa100000, 0x0000000100000000)
  eden space 35840K, 99% used [0x00000000f5580000,0x00000000f787fff0,0x00000000f7880000)
  from space 17920K, 0% used [0x00000000f8f80000,0x00000000f8f80000,0x00000000fa100000)
  to   space 12800K, 0% used [0x00000000f7880000,0x00000000f7880000,0x00000000f8500000)
 ParOldGen       total 349696K, used 349695K [0x00000000e0000000, 0x00000000f5580000, 0x00000000f5580000)
  object space 349696K, 99% used [0x00000000e0000000,0x00000000f557fff8,0x00000000f5580000)
 Metaspace       used 62077K, committed 62976K, reserved 1105920K
  class space    used 6114K, committed 6528K, reserved 1048576K
}
Event: 1110.751 GC heap before
{Heap before GC invocations=914 (full 794):
 PSYoungGen      total 53760K, used 35839K [0x00000000f5580000, 0x00000000fa100000, 0x0000000100000000)
  eden space 35840K, 99% used [0x00000000f5580000,0x00000000f787fff0,0x00000000f7880000)
  from space 17920K, 0% used [0x00000000f8f80000,0x00000000f8f80000,0x00000000fa100000)
  to   space 12800K, 0% used [0x00000000f7880000,0x00000000f7880000,0x00000000f8500000)
 ParOldGen       total 349696K, used 349695K [0x00000000e0000000, 0x00000000f5580000, 0x00000000f5580000)
  object space 349696K, 99% used [0x00000000e0000000,0x00000000f557fff8,0x00000000f5580000)
 Metaspace       used 62077K, committed 62976K, reserved 1105920K
  class space    used 6114K, committed 6528K, reserved 1048576K
}
Event: 1111.985 GC heap after
{Heap after GC invocations=914 (full 794):
 PSYoungGen      total 48640K, used 35839K [0x00000000f5580000, 0x00000000fa100000, 0x0000000100000000)
  eden space 35840K, 99% used [0x00000000f5580000,0x00000000f787fff0,0x00000000f7880000)
  from space 12800K, 0% used [0x00000000f7880000,0x00000000f7880000,0x00000000f8500000)
  to   space 17920K, 0% used [0x00000000f8f80000,0x00000000f8f80000,0x00000000fa100000)
 ParOldGen       total 349696K, used 349695K [0x00000000e0000000, 0x00000000f5580000, 0x00000000f5580000)
  object space 349696K, 99% used [0x00000000e0000000,0x00000000f557fff8,0x00000000f5580000)
 Metaspace       used 62077K, committed 62976K, reserved 1105920K
  class space    used 6114K, committed 6528K, reserved 1048576K
}
Event: 1111.985 GC heap before
{Heap before GC invocations=915 (full 795):
 PSYoungGen      total 48640K, used 35839K [0x00000000f5580000, 0x00000000fa100000, 0x0000000100000000)
  eden space 35840K, 99% used [0x00000000f5580000,0x00000000f787fff0,0x00000000f7880000)
  from space 12800K, 0% used [0x00000000f7880000,0x00000000f7880000,0x00000000f8500000)
  to   space 17920K, 0% used [0x00000000f8f80000,0x00000000f8f80000,0x00000000fa100000)
 ParOldGen       total 349696K, used 349695K [0x00000000e0000000, 0x00000000f5580000, 0x00000000f5580000)
  object space 349696K, 99% used [0x00000000e0000000,0x00000000f557fff8,0x00000000f5580000)
 Metaspace       used 62077K, committed 62976K, reserved 1105920K
  class space    used 6114K, committed 6528K, reserved 1048576K
}
Event: 1113.374 GC heap after
{Heap after GC invocations=915 (full 795):
 PSYoungGen      total 53760K, used 35839K [0x00000000f5580000, 0x00000000fa100000, 0x0000000100000000)
  eden space 35840K, 99% used [0x00000000f5580000,0x00000000f787fff0,0x00000000f7880000)
  from space 17920K, 0% used [0x00000000f8f80000,0x00000000f8f80000,0x00000000fa100000)
  to   space 12800K, 0% used [0x00000000f7880000,0x00000000f7880000,0x00000000f8500000)
 ParOldGen       total 349696K, used 349695K [0x00000000e0000000, 0x00000000f5580000, 0x00000000f5580000)
  object space 349696K, 99% used [0x00000000e0000000,0x00000000f557fff8,0x00000000f5580000)
 Metaspace       used 62077K, committed 62976K, reserved 1105920K
  class space    used 6114K, committed 6528K, reserved 1048576K
}
Event: 1113.374 GC heap before
{Heap before GC invocations=916 (full 796):
 PSYoungGen      total 53760K, used 35839K [0x00000000f5580000, 0x00000000fa100000, 0x0000000100000000)
  eden space 35840K, 99% used [0x00000000f5580000,0x00000000f787fff0,0x00000000f7880000)
  from space 17920K, 0% used [0x00000000f8f80000,0x00000000f8f80000,0x00000000fa100000)
  to   space 12800K, 0% used [0x00000000f7880000,0x00000000f7880000,0x00000000f8500000)
 ParOldGen       total 349696K, used 349695K [0x00000000e0000000, 0x00000000f5580000, 0x00000000f5580000)
  object space 349696K, 99% used [0x00000000e0000000,0x00000000f557fff8,0x00000000f5580000)
 Metaspace       used 62077K, committed 62976K, reserved 1105920K
  class space    used 6114K, committed 6528K, reserved 1048576K
}
Event: 1114.795 GC heap after
{Heap after GC invocations=916 (full 796):
 PSYoungGen      total 48640K, used 35839K [0x00000000f5580000, 0x00000000fa100000, 0x0000000100000000)
  eden space 35840K, 99% used [0x00000000f5580000,0x00000000f787fff0,0x00000000f7880000)
  from space 12800K, 0% used [0x00000000f7880000,0x00000000f7880000,0x00000000f8500000)
  to   space 17920K, 0% used [0x00000000f8f80000,0x00000000f8f80000,0x00000000fa100000)
 ParOldGen       total 349696K, used 349695K [0x00000000e0000000, 0x00000000f5580000, 0x00000000f5580000)
  object space 349696K, 99% used [0x00000000e0000000,0x00000000f557fff8,0x00000000f5580000)
 Metaspace       used 62077K, committed 62976K, reserved 1105920K
  class space    used 6114K, committed 6528K, reserved 1048576K
}
Event: 1114.795 GC heap before
{Heap before GC invocations=917 (full 797):
 PSYoungGen      total 48640K, used 35839K [0x00000000f5580000, 0x00000000fa100000, 0x0000000100000000)
  eden space 35840K, 99% used [0x00000000f5580000,0x00000000f787fff0,0x00000000f7880000)
  from space 12800K, 0% used [0x00000000f7880000,0x00000000f7880000,0x00000000f8500000)
  to   space 17920K, 0% used [0x00000000f8f80000,0x00000000f8f80000,0x00000000fa100000)
 ParOldGen       total 349696K, used 349695K [0x00000000e0000000, 0x00000000f5580000, 0x00000000f5580000)
  object space 349696K, 99% used [0x00000000e0000000,0x00000000f557fff8,0x00000000f5580000)
 Metaspace       used 62077K, committed 62976K, reserved 1105920K
  class space    used 6114K, committed 6528K, reserved 1048576K
}
Event: 1115.968 GC heap after
{Heap after GC invocations=917 (full 797):
 PSYoungGen      total 53760K, used 35839K [0x00000000f5580000, 0x00000000fa100000, 0x0000000100000000)
  eden space 35840K, 99% used [0x00000000f5580000,0x00000000f787fff0,0x00000000f7880000)
  from space 17920K, 0% used [0x00000000f8f80000,0x00000000f8f80000,0x00000000fa100000)
  to   space 12800K, 0% used [0x00000000f7880000,0x00000000f7880000,0x00000000f8500000)
 ParOldGen       total 349696K, used 349695K [0x00000000e0000000, 0x00000000f5580000, 0x00000000f5580000)
  object space 349696K, 99% used [0x00000000e0000000,0x00000000f557fff8,0x00000000f5580000)
 Metaspace       used 62077K, committed 62976K, reserved 1105920K
  class space    used 6114K, committed 6528K, reserved 1048576K
}

