# JRE version: OpenJDK Runtime Environment GraalVM CE 22.3.0 (17.0.5+8) (build 17.0.5+8-jvmci-22.3-b08)
# Java VM: OpenJDK 64-Bit Server VM GraalVM CE 22.3.0 (17.0.5+8-jvmci-22.3-b08, mixed mode, sharing, tiered, jvmci, jvmci compiler, compressed oops, compressed class ptrs, parallel gc, linux-amd64)
GC Precious Log:
 CPUs: 8 total, 1 available
 Memory: 1024M
 Large Page Support: Disabled
 NUMA Support: Disabled
 Compressed Oops: Enabled (32-bit)
 Alignments: Space 512K, Generation 512K, Heap 2M
 Heap Min Capacity: 100M
 Heap Initial Capacity: 100M
 Heap Max Capacity: 512M
 Pre-touch: Disabled
 Parallel Workers: 1
Heap:
 PSYoungGen      total 43008K, used 29183K [0x00000000f5580000, 0x00000000f9680000, 0x0000000100000000)
  eden space 29184K, 99% used [0x00000000f5580000,0x00000000f71ffff8,0x00000000f7200000)
  from space 13824K, 0% used [0x00000000f7200000,0x00000000f7200000,0x00000000f7f80000)
  to   space 16384K, 0% used [0x00000000f8680000,0x00000000f8680000,0x00000000f9680000)
 ParOldGen       total 349696K, used 349695K [0x00000000e0000000, 0x00000000f5580000, 0x00000000f5580000)
  object space 349696K, 99% used [0x00000000e0000000,0x00000000f557fff0,0x00000000f5580000)
 Metaspace       used 60217K, committed 61120K, reserved 1105920K
  class space    used 5967K, committed 6336K, reserved 1048576K
GC Heap History (20 events):
Event: 1847.458 GC heap before
{Heap before GC invocations=1052 (full 973):
 PSYoungGen      total 43008K, used 29184K [0x00000000f5580000, 0x00000000f9680000, 0x0000000100000000)
  eden space 29184K, 100% used [0x00000000f5580000,0x00000000f7200000,0x00000000f7200000)
  from space 13824K, 0% used [0x00000000f7200000,0x00000000f7200000,0x00000000f7f80000)
  to   space 16384K, 0% used [0x00000000f8680000,0x00000000f8680000,0x00000000f9680000)
 ParOldGen       total 349696K, used 349695K [0x00000000e0000000, 0x00000000f5580000, 0x00000000f5580000)
  object space 349696K, 99% used [0x00000000e0000000,0x00000000f557fff8,0x00000000f5580000)
 Metaspace       used 60217K, committed 61120K, reserved 1105920K
  class space    used 5967K, committed 6336K, reserved 1048576K
}
Event: 1848.877 GC heap after
{Heap after GC invocations=1052 (full 973):
 PSYoungGen      total 45568K, used 29184K [0x00000000f5580000, 0x00000000f9680000, 0x0000000100000000)
  eden space 29184K, 100% used [0x00000000f5580000,0x00000000f7200000,0x00000000f7200000)
  from space 16384K, 0% used [0x00000000f8680000,0x00000000f8680000,0x00000000f9680000)
  to   space 13824K, 0% used [0x00000000f7200000,0x00000000f7200000,0x00000000f7f80000)
 ParOldGen       total 349696K, used 349695K [0x00000000e0000000, 0x00000000f5580000, 0x00000000f5580000)
  object space 349696K, 99% used [0x00000000e0000000,0x00000000f557fff8,0x00000000f5580000)
 Metaspace       used 60217K, committed 61120K, reserved 1105920K
  class space    used 5967K, committed 6336K, reserved 1048576K
}
Event: 1848.877 GC heap before
{Heap before GC invocations=1053 (full 974):
 PSYoungGen      total 45568K, used 29184K [0x00000000f5580000, 0x00000000f9680000, 0x0000000100000000)
  eden space 29184K, 100% used [0x00000000f5580000,0x00000000f7200000,0x00000000f7200000)
  from space 16384K, 0% used [0x00000000f8680000,0x00000000f8680000,0x00000000f9680000)
  to   space 13824K, 0% used [0x00000000f7200000,0x00000000f7200000,0x00000000f7f80000)
 ParOldGen       total 349696K, used 349695K [0x00000000e0000000, 0x00000000f5580000, 0x00000000f5580000)
  object space 349696K, 99% used [0x00000000e0000000,0x00000000f557fff8,0x00000000f5580000)
 Metaspace       used 60217K, committed 61120K, reserved 1105920K
  class space    used 5967K, committed 6336K, reserved 1048576K
}
Event: 1850.258 GC heap after
{Heap after GC invocations=1053 (full 974):
 PSYoungGen      total 43008K, used 29183K [0x00000000f5580000, 0x00000000f9680000, 0x0000000100000000)
  eden space 29184K, 99% used [0x00000000f5580000,0x00000000f71ffff0,0x00000000f7200000)
  from space 13824K, 0% used [0x00000000f7200000,0x00000000f7200000,0x00000000f7f80000)
  to   space 16384K, 0% used [0x00000000f8680000,0x00000000f8680000,0x00000000f9680000)
 ParOldGen       total 349696K, used 349695K [0x00000000e0000000, 0x00000000f5580000, 0x00000000f5580000)
  object space 349696K, 99% used [0x00000000e0000000,0x00000000f557fe00,0x00000000f5580000)
 Metaspace       used 60217K, committed 61120K, reserved 1105920K
  class space    used 5967K, committed 6336K, reserved 1048576K
}
Event: 1850.258 GC heap before
{Heap before GC invocations=1054 (full 975):
 PSYoungGen      total 43008K, used 29183K [0x00000000f5580000, 0x00000000f9680000, 0x0000000100000000)
  eden space 29184K, 99% used [0x00000000f5580000,0x00000000f71ffff0,0x00000000f7200000)
  from space 13824K, 0% used [0x00000000f7200000,0x00000000f7200000,0x00000000f7f80000)
  to   space 16384K, 0% used [0x00000000f8680000,0x00000000f8680000,0x00000000f9680000)
 ParOldGen       total 349696K, used 349695K [0x00000000e0000000, 0x00000000f5580000, 0x00000000f5580000)
  object space 349696K, 99% used [0x00000000e0000000,0x00000000f557fed0,0x00000000f5580000)
 Metaspace       used 60217K, committed 61120K, reserved 1105920K
  class space    used 5967K, committed 6336K, reserved 1048576K
}
Event: 1851.676 GC heap after
{Heap after GC invocations=1054 (full 975):
 PSYoungGen      total 45568K, used 29183K [0x00000000f5580000, 0x00000000f9680000, 0x0000000100000000)
  eden space 29184K, 99% used [0x00000000f5580000,0x00000000f71fffa8,0x00000000f7200000)
  from space 16384K, 0% used [0x00000000f8680000,0x00000000f8680000,0x00000000f9680000)
  to   space 13824K, 0% used [0x00000000f7200000,0x00000000f7200000,0x00000000f7f80000)
 ParOldGen       total 349696K, used 349695K [0x00000000e0000000, 0x00000000f5580000, 0x00000000f5580000)
  object space 349696K, 99% used [0x00000000e0000000,0x00000000f557fea8,0x00000000f5580000)
 Metaspace       used 60217K, committed 61120K, reserved 1105920K
  class space    used 5967K, committed 6336K, reserved 1048576K
}
Event: 1851.677 GC heap before
{Heap before GC invocations=1055 (full 976):
 PSYoungGen      total 45568K, used 29183K [0x00000000f5580000, 0x00000000f9680000, 0x0000000100000000)
  eden space 29184K, 99% used [0x00000000f5580000,0x00000000f71ffff8,0x00000000f7200000)
  from space 16384K, 0% used [0x00000000f8680000,0x00000000f8680000,0x00000000f9680000)
  to   space 13824K, 0% used [0x00000000f7200000,0x00000000f7200000,0x00000000f7f80000)
 ParOldGen       total 349696K, used 349696K [0x00000000e0000000, 0x00000000f5580000, 0x00000000f5580000)
  object space 349696K, 100% used [0x00000000e0000000,0x00000000f5580000,0x00000000f5580000)
 Metaspace       used 60217K, committed 61120K, reserved 1105920K
  class space    used 5967K, committed 6336K, reserved 1048576K
}
Event: 1853.175 GC heap after
{Heap after GC invocations=1055 (full 976):
 PSYoungGen      total 43008K, used 29183K [0x00000000f5580000, 0x00000000f9680000, 0x0000000100000000)
  eden space 29184K, 99% used [0x00000000f5580000,0x00000000f71fffc8,0x00000000f7200000)
  from space 13824K, 0% used [0x00000000f7200000,0x00000000f7200000,0x00000000f7f80000)
  to   space 16384K, 0% used [0x00000000f8680000,0x00000000f8680000,0x00000000f9680000)
 ParOldGen       total 349696K, used 349695K [0x00000000e0000000, 0x00000000f5580000, 0x00000000f5580000)
  object space 349696K, 99% used [0x00000000e0000000,0x00000000f557ff68,0x00000000f5580000)
 Metaspace       used 60217K, committed 61120K, reserved 1105920K
  class space    used 5967K, committed 6336K, reserved 1048576K
}
Event: 1853.176 GC heap before
{Heap before GC invocations=1056 (full 977):
 PSYoungGen      total 43008K, used 29183K [0x00000000f5580000, 0x00000000f9680000, 0x0000000100000000)
  eden space 29184K, 99% used [0x00000000f5580000,0x00000000f71ffff8,0x00000000f7200000)
  from space 13824K, 0% used [0x00000000f7200000,0x00000000f7200000,0x00000000f7f80000)
  to   space 16384K, 0% used [0x00000000f8680000,0x00000000f8680000,0x00000000f9680000)
 ParOldGen       total 349696K, used 349695K [0x00000000e0000000, 0x00000000f5580000, 0x00000000f5580000)
  object space 349696K, 99% used [0x00000000e0000000,0x00000000f557ff68,0x00000000f5580000)
 Metaspace       used 60217K, committed 61120K, reserved 1105920K
  class space    used 5967K, committed 6336K, reserved 1048576K
}
Event: 1854.568 GC heap after
{Heap after GC invocations=1056 (full 977):
 PSYoungGen      total 45568K, used 29183K [0x00000000f5580000, 0x00000000f9680000, 0x0000000100000000)
  eden space 29184K, 99% used [0x00000000f5580000,0x00000000f71fffc8,0x00000000f7200000)
  from space 16384K, 0% used [0x00000000f8680000,0x00000000f8680000,0x00000000f9680000)
  to   space 13824K, 0% used [0x00000000f7200000,0x00000000f7200000,0x00000000f7f80000)
 ParOldGen       total 349696K, used 349695K [0x00000000e0000000, 0x00000000f5580000, 0x00000000f5580000)
  object space 349696K, 99% used [0x00000000e0000000,0x00000000f557ff68,0x00000000f5580000)
 Metaspace       used 60217K, committed 61120K, reserved 1105920K
  class space    used 5967K, committed 6336K, reserved 1048576K
}
Event: 1854.568 GC heap before
{Heap before GC invocations=1057 (full 978):
 PSYoungGen      total 45568K, used 29183K [0x00000000f5580000, 0x00000000f9680000, 0x0000000100000000)
  eden space 29184K, 99% used [0x00000000f5580000,0x00000000f71ffff8,0x00000000f7200000)
  from space 16384K, 0% used [0x00000000f8680000,0x00000000f8680000,0x00000000f9680000)
  to   space 13824K, 0% used [0x00000000f7200000,0x00000000f7200000,0x00000000f7f80000)
 ParOldGen       total 349696K, used 349695K [0x00000000e0000000, 0x00000000f5580000, 0x00000000f5580000)
  object space 349696K, 99% used [0x00000000e0000000,0x00000000f557ff68,0x00000000f5580000)
 Metaspace       used 60217K, committed 61120K, reserved 1105920K
  class space    used 5967K, committed 6336K, reserved 1048576K
}
Event: 1855.996 GC heap after
{Heap after GC invocations=1057 (full 978):
 PSYoungGen      total 43008K, used 29183K [0x00000000f5580000, 0x00000000f9680000, 0x0000000100000000)
  eden space 29184K, 99% used [0x00000000f5580000,0x00000000f71fffc8,0x00000000f7200000)
  from space 13824K, 0% used [0x00000000f7200000,0x00000000f7200000,0x00000000f7f80000)
  to   space 16384K, 0% used [0x00000000f8680000,0x00000000f8680000,0x00000000f9680000)
 ParOldGen       total 349696K, used 349695K [0x00000000e0000000, 0x00000000f5580000, 0x00000000f5580000)
  object space 349696K, 99% used [0x00000000e0000000,0x00000000f557ff68,0x00000000f5580000)
 Metaspace       used 60217K, committed 61120K, reserved 1105920K
  class space    used 5967K, committed 6336K, reserved 1048576K
}
Event: 1855.996 GC heap before
{Heap before GC invocations=1058 (full 979):
 PSYoungGen      total 43008K, used 29183K [0x00000000f5580000, 0x00000000f9680000, 0x0000000100000000)
  eden space 29184K, 99% used [0x00000000f5580000,0x00000000f71ffff8,0x00000000f7200000)
  from space 13824K, 0% used [0x00000000f7200000,0x00000000f7200000,0x00000000f7f80000)
  to   space 16384K, 0% used [0x00000000f8680000,0x00000000f8680000,0x00000000f9680000)
 ParOldGen       total 349696K, used 349695K [0x00000000e0000000, 0x00000000f5580000, 0x00000000f5580000)
  object space 349696K, 99% used [0x00000000e0000000,0x00000000f557ff68,0x00000000f5580000)
 Metaspace       used 60217K, committed 61120K, reserved 1105920K
  class space    used 5967K, committed 6336K, reserved 1048576K
}
Event: 1857.569 GC heap after
{Heap after GC invocations=1058 (full 979):
 PSYoungGen      total 45568K, used 29183K [0x00000000f5580000, 0x00000000f9680000, 0x0000000100000000)
  eden space 29184K, 99% used [0x00000000f5580000,0x00000000f71fffd8,0x00000000f7200000)
  from space 16384K, 0% used [0x00000000f8680000,0x00000000f8680000,0x00000000f9680000)
  to   space 13824K, 0% used [0x00000000f7200000,0x00000000f7200000,0x00000000f7f80000)
 ParOldGen       total 349696K, used 349695K [0x00000000e0000000, 0x00000000f5580000, 0x00000000f5580000)
  object space 349696K, 99% used [0x00000000e0000000,0x00000000f557ff68,0x00000000f5580000)
 Metaspace       used 60217K, committed 61120K, reserved 1105920K
  class space    used 5967K, committed 6336K, reserved 1048576K
}
Event: 1857.569 GC heap before
{Heap before GC invocations=1059 (full 980):
 PSYoungGen      total 45568K, used 29183K [0x00000000f5580000, 0x00000000f9680000, 0x0000000100000000)
  eden space 29184K, 99% used [0x00000000f5580000,0x00000000f71fffd8,0x00000000f7200000)
  from space 16384K, 0% used [0x00000000f8680000,0x00000000f8680000,0x00000000f9680000)
  to   space 13824K, 0% used [0x00000000f7200000,0x00000000f7200000,0x00000000f7f80000)
 ParOldGen       total 349696K, used 349695K [0x00000000e0000000, 0x00000000f5580000, 0x00000000f5580000)
  object space 349696K, 99% used [0x00000000e0000000,0x00000000f557ff68,0x00000000f5580000)
 Metaspace       used 60217K, committed 61120K, reserved 1105920K
  class space    used 5967K, committed 6336K, reserved 1048576K
}
Event: 1858.983 GC heap after
{Heap after GC invocations=1059 (full 980):
 PSYoungGen      total 43008K, used 29183K [0x00000000f5580000, 0x00000000f9680000, 0x0000000100000000)
  eden space 29184K, 99% used [0x00000000f5580000,0x00000000f71fffd8,0x00000000f7200000)
  from space 13824K, 0% used [0x00000000f7200000,0x00000000f7200000,0x00000000f7f80000)
  to   space 16384K, 0% used [0x00000000f8680000,0x00000000f8680000,0x00000000f9680000)
 ParOldGen       total 349696K, used 349695K [0x00000000e0000000, 0x00000000f5580000, 0x00000000f5580000)
  object space 349696K, 99% used [0x00000000e0000000,0x00000000f557ff68,0x00000000f5580000)
 Metaspace       used 60217K, committed 61120K, reserved 1105920K
  class space    used 5967K, committed 6336K, reserved 1048576K
}
Event: 1858.983 GC heap before
{Heap before GC invocations=1060 (full 981):
 PSYoungGen      total 43008K, used 29183K [0x00000000f5580000, 0x00000000f9680000, 0x0000000100000000)
  eden space 29184K, 99% used [0x00000000f5580000,0x00000000f71ffff8,0x00000000f7200000)
  from space 13824K, 0% used [0x00000000f7200000,0x00000000f7200000,0x00000000f7f80000)
  to   space 16384K, 0% used [0x00000000f8680000,0x00000000f8680000,0x00000000f9680000)
 ParOldGen       total 349696K, used 349695K [0x00000000e0000000, 0x00000000f5580000, 0x00000000f5580000)
  object space 349696K, 99% used [0x00000000e0000000,0x00000000f557ff68,0x00000000f5580000)
 Metaspace       used 60217K, committed 61120K, reserved 1105920K
  class space    used 5967K, committed 6336K, reserved 1048576K
}
Event: 1860.387 GC heap after
{Heap after GC invocations=1060 (full 981):
 PSYoungGen      total 45568K, used 29183K [0x00000000f5580000, 0x00000000f9680000, 0x0000000100000000)
  eden space 29184K, 99% used [0x00000000f5580000,0x00000000f71fffd8,0x00000000f7200000)
  from space 16384K, 0% used [0x00000000f8680000,0x00000000f8680000,0x00000000f9680000)
  to   space 13824K, 0% used [0x00000000f7200000,0x00000000f7200000,0x00000000f7f80000)
 ParOldGen       total 349696K, used 349695K [0x00000000e0000000, 0x00000000f5580000, 0x00000000f5580000)
  object space 349696K, 99% used [0x00000000e0000000,0x00000000f557ff68,0x00000000f5580000)
 Metaspace       used 60217K, committed 61120K, reserved 1105920K
  class space    used 5967K, committed 6336K, reserved 1048576K
}
Event: 1860.387 GC heap before
{Heap before GC invocations=1061 (full 982):
 PSYoungGen      total 45568K, used 29183K [0x00000000f5580000, 0x00000000f9680000, 0x0000000100000000)
  eden space 29184K, 99% used [0x00000000f5580000,0x00000000f71fffd8,0x00000000f7200000)
  from space 16384K, 0% used [0x00000000f8680000,0x00000000f8680000,0x00000000f9680000)
  to   space 13824K, 0% used [0x00000000f7200000,0x00000000f7200000,0x00000000f7f80000)
 ParOldGen       total 349696K, used 349695K [0x00000000e0000000, 0x00000000f5580000, 0x00000000f5580000)
  object space 349696K, 99% used [0x00000000e0000000,0x00000000f557ff68,0x00000000f5580000)
 Metaspace       used 60217K, committed 61120K, reserved 1105920K
  class space    used 5967K, committed 6336K, reserved 1048576K
}
Event: 1861.761 GC heap after
{Heap after GC invocations=1061 (full 982):
 PSYoungGen      total 43008K, used 29183K [0x00000000f5580000, 0x00000000f9680000, 0x0000000100000000)
  eden space 29184K, 99% used [0x00000000f5580000,0x00000000f71fffd8,0x00000000f7200000)
  from space 13824K, 0% used [0x00000000f7200000,0x00000000f7200000,0x00000000f7f80000)
  to   space 16384K, 0% used [0x00000000f8680000,0x00000000f8680000,0x00000000f9680000)
 ParOldGen       total 349696K, used 349695K [0x00000000e0000000, 0x00000000f5580000, 0x00000000f5580000)
  object space 349696K, 99% used [0x00000000e0000000,0x00000000f557ff68,0x00000000f5580000)
 Metaspace       used 60217K, committed 61120K, reserved 1105920K
  class space    used 5967K, committed 6336K, reserved 1048576K
}

